<?xml version="1.0" encoding="UTF-8"?>
<!-- Generated by org.testng.reporters.JUnitXMLReporter -->
<testsuite ignored="0" hostname="DESKTOP-1H5FR01" failures="0" tests="2" name="NegativeTests" time="60.061" errors="0" timestamp="2022-04-13T10:57:52 IST">
  <testcase classname="com.herokuapp.theinternet.NegativeTests" name="incorrectPasswordTest" time="30.326"/>
  <testcase classname="com.herokuapp.theinternet.NegativeTests" name="incorrectUserNameTest" time="29.723"/>
</testsuite> <!-- NegativeTests -->
