<?xml version="1.0" encoding="UTF-8"?>
<!-- Generated by org.testng.reporters.JUnitXMLReporter -->
<testsuite hostname="DESKTOP-1H5FR01" ignored="0" name="NegativeTests" tests="2" failures="0" timestamp="2022-04-13T11:05:50 IST" time="64.43" errors="0">
  <testcase name="incorrectPasswordTest" time="30.707" classname="com.herokuapp.theinternet.NegativeTests"/>
  <testcase name="incorrectUserNameTest" time="33.717" classname="com.herokuapp.theinternet.NegativeTests"/>
</testsuite> <!-- NegativeTests -->
