<?xml version="1.0" encoding="UTF-8"?>
<testng-results ignored="3" total="6" passed="3" failed="0" skipped="0">
  <reporter-output>
  </reporter-output>
  <suite started-at="2022-04-19T15:50:56 IST" name="NegativeTests" finished-at="2022-04-19T15:59:10 IST" duration-ms="493914">
    <groups>
      <group name="positiveTests">
        <method signature="LoginTests.positiveLoginTest()[pri:1, instance:com.herokuapp.theinternet.LoginTests@6babf3bf]" name="positiveLoginTest" class="com.herokuapp.theinternet.LoginTests"/>
      </group> <!-- positiveTests -->
      <group name="smoketests">
        <method signature="LoginTests.positiveLoginTest()[pri:1, instance:com.herokuapp.theinternet.LoginTests@6babf3bf]" name="positiveLoginTest" class="com.herokuapp.theinternet.LoginTests"/>
        <method signature="LoginTests.negativeLoginTest(java.lang.String,java.lang.String,java.lang.String)[pri:2, instance:com.herokuapp.theinternet.LoginTests@2ea41516]" name="negativeLoginTest" class="com.herokuapp.theinternet.LoginTests"/>
        <method signature="LoginTests.negativeLoginTest(java.lang.String,java.lang.String,java.lang.String)[pri:2, instance:com.herokuapp.theinternet.LoginTests@f0da945]" name="negativeLoginTest" class="com.herokuapp.theinternet.LoginTests"/>
      </group> <!-- smoketests -->
      <group name="negativeTests">
        <method signature="LoginTests.negativeLoginTest(java.lang.String,java.lang.String,java.lang.String)[pri:2, instance:com.herokuapp.theinternet.LoginTests@2ea41516]" name="negativeLoginTest" class="com.herokuapp.theinternet.LoginTests"/>
        <method signature="LoginTests.negativeLoginTest(java.lang.String,java.lang.String,java.lang.String)[pri:2, instance:com.herokuapp.theinternet.LoginTests@f0da945]" name="negativeLoginTest" class="com.herokuapp.theinternet.LoginTests"/>
      </group> <!-- negativeTests -->
    </groups>
    <test started-at="2022-04-19T15:50:56 IST" name="PositiveTests" finished-at="2022-04-19T15:57:53 IST" duration-ms="417017">
      <class name="com.herokuapp.theinternet.LoginTests">
        <test-method is-config="true" signature="setUp()[pri:0, instance:com.herokuapp.theinternet.LoginTests@6babf3bf]" started-at="2022-04-19T15:50:56 IST" name="setUp" finished-at="2022-04-19T15:51:05 IST" duration-ms="9125" status="PASS">
          <reporter-output>
          </reporter-output>
        </test-method> <!-- setUp -->
        <test-method signature="positiveLoginTest()[pri:1, instance:com.herokuapp.theinternet.LoginTests@6babf3bf]" started-at="2022-04-19T15:51:05 IST" name="positiveLoginTest" finished-at="2022-04-19T15:57:53 IST" duration-ms="407827" status="PASS">
          <reporter-output>
          </reporter-output>
        </test-method> <!-- positiveLoginTest -->
      </class> <!-- com.herokuapp.theinternet.LoginTests -->
    </test> <!-- PositiveTests -->
    <test started-at="2022-04-19T15:57:53 IST" name="NegativeUsernameTests" finished-at="2022-04-19T15:58:34 IST" duration-ms="41036">
      <class name="com.herokuapp.theinternet.LoginTests">
        <test-method is-config="true" signature="setUp()[pri:0, instance:com.herokuapp.theinternet.LoginTests@2ea41516]" started-at="2022-04-19T15:57:53 IST" name="setUp" finished-at="2022-04-19T15:58:02 IST" duration-ms="9103" status="PASS">
          <reporter-output>
          </reporter-output>
        </test-method> <!-- setUp -->
        <test-method signature="negativeLoginTest(java.lang.String,java.lang.String,java.lang.String)[pri:2, instance:com.herokuapp.theinternet.LoginTests@2ea41516]" started-at="2022-04-19T15:58:02 IST" name="negativeLoginTest" finished-at="2022-04-19T15:58:34 IST" duration-ms="31922" status="PASS">
          <params>
            <param index="0">
              <value>
                <![CDATA[incorrect]]>
              </value>
            </param>
            <param index="1">
              <value>
                <![CDATA[SuperSecretPassword!]]>
              </value>
            </param>
            <param index="2">
              <value>
                <![CDATA[Your username is invalid!]]>
              </value>
            </param>
          </params>
          <reporter-output>
          </reporter-output>
        </test-method> <!-- negativeLoginTest -->
      </class> <!-- com.herokuapp.theinternet.LoginTests -->
    </test> <!-- NegativeUsernameTests -->
    <test started-at="2022-04-19T15:58:34 IST" name="NegativePasswordTests" finished-at="2022-04-19T15:59:10 IST" duration-ms="35785">
      <class name="com.herokuapp.theinternet.LoginTests">
        <test-method is-config="true" signature="setUp()[pri:0, instance:com.herokuapp.theinternet.LoginTests@f0da945]" started-at="2022-04-19T15:58:34 IST" name="setUp" finished-at="2022-04-19T15:58:40 IST" duration-ms="6283" status="PASS">
          <reporter-output>
          </reporter-output>
        </test-method> <!-- setUp -->
        <test-method signature="negativeLoginTest(java.lang.String,java.lang.String,java.lang.String)[pri:2, instance:com.herokuapp.theinternet.LoginTests@f0da945]" started-at="2022-04-19T15:58:40 IST" name="negativeLoginTest" finished-at="2022-04-19T15:59:10 IST" duration-ms="29497" status="PASS">
          <params>
            <param index="0">
              <value>
                <![CDATA[tomsmith]]>
              </value>
            </param>
            <param index="1">
              <value>
                <![CDATA[asdfsdf]]>
              </value>
            </param>
            <param index="2">
              <value>
                <![CDATA[Your password is invalid!]]>
              </value>
            </param>
          </params>
          <reporter-output>
          </reporter-output>
        </test-method> <!-- negativeLoginTest -->
      </class> <!-- com.herokuapp.theinternet.LoginTests -->
    </test> <!-- NegativePasswordTests -->
  </suite> <!-- NegativeTests -->
</testng-results>
