<?xml version="1.0" encoding="UTF-8"?>
<testng-results ignored="3" total="6" passed="3" failed="0" skipped="0">
  <reporter-output>
  </reporter-output>
  <suite started-at="2022-04-19T15:24:35 IST" name="NegativeTests" finished-at="2022-04-19T15:26:23 IST" duration-ms="108647">
    <groups>
      <group name="positiveTests">
        <method signature="LoginTests.positiveLoginTest()[pri:1, instance:com.herokuapp.theinternet.LoginTests@2fb3536e]" name="positiveLoginTest" class="com.herokuapp.theinternet.LoginTests"/>
      </group> <!-- positiveTests -->
      <group name="smoketests">
        <method signature="LoginTests.positiveLoginTest()[pri:1, instance:com.herokuapp.theinternet.LoginTests@2fb3536e]" name="positiveLoginTest" class="com.herokuapp.theinternet.LoginTests"/>
        <method signature="LoginTests.negativeLoginTest(java.lang.String,java.lang.String,java.lang.String)[pri:2, instance:com.herokuapp.theinternet.LoginTests@2d710f1a]" name="negativeLoginTest" class="com.herokuapp.theinternet.LoginTests"/>
        <method signature="LoginTests.negativeLoginTest(java.lang.String,java.lang.String,java.lang.String)[pri:2, instance:com.herokuapp.theinternet.LoginTests@48aca48b]" name="negativeLoginTest" class="com.herokuapp.theinternet.LoginTests"/>
      </group> <!-- smoketests -->
      <group name="negativeTests">
        <method signature="LoginTests.negativeLoginTest(java.lang.String,java.lang.String,java.lang.String)[pri:2, instance:com.herokuapp.theinternet.LoginTests@2d710f1a]" name="negativeLoginTest" class="com.herokuapp.theinternet.LoginTests"/>
        <method signature="LoginTests.negativeLoginTest(java.lang.String,java.lang.String,java.lang.String)[pri:2, instance:com.herokuapp.theinternet.LoginTests@48aca48b]" name="negativeLoginTest" class="com.herokuapp.theinternet.LoginTests"/>
      </group> <!-- negativeTests -->
    </groups>
    <test started-at="2022-04-19T15:24:35 IST" name="PositiveTests" finished-at="2022-04-19T15:25:12 IST" duration-ms="37736">
      <class name="com.herokuapp.theinternet.LoginTests">
        <test-method signature="positiveLoginTest()[pri:1, instance:com.herokuapp.theinternet.LoginTests@2fb3536e]" started-at="2022-04-19T15:24:35 IST" name="positiveLoginTest" finished-at="2022-04-19T15:25:12 IST" duration-ms="37699" status="PASS">
          <reporter-output>
          </reporter-output>
        </test-method> <!-- positiveLoginTest -->
      </class> <!-- com.herokuapp.theinternet.LoginTests -->
    </test> <!-- PositiveTests -->
    <test started-at="2022-04-19T15:25:12 IST" name="NegativeUsernameTests" finished-at="2022-04-19T15:25:50 IST" duration-ms="37734">
      <class name="com.herokuapp.theinternet.LoginTests">
        <test-method signature="negativeLoginTest(java.lang.String,java.lang.String,java.lang.String)[pri:2, instance:com.herokuapp.theinternet.LoginTests@2d710f1a]" started-at="2022-04-19T15:25:12 IST" name="negativeLoginTest" finished-at="2022-04-19T15:25:50 IST" duration-ms="37726" status="PASS">
          <params>
            <param index="0">
              <value>
                <![CDATA[incorrect]]>
              </value>
            </param>
            <param index="1">
              <value>
                <![CDATA[SuperSecretPassword!]]>
              </value>
            </param>
            <param index="2">
              <value>
                <![CDATA[Your username is invalid!]]>
              </value>
            </param>
          </params>
          <reporter-output>
          </reporter-output>
        </test-method> <!-- negativeLoginTest -->
      </class> <!-- com.herokuapp.theinternet.LoginTests -->
    </test> <!-- NegativeUsernameTests -->
    <test started-at="2022-04-19T15:25:50 IST" name="NegativePasswordTests" finished-at="2022-04-19T15:26:23 IST" duration-ms="33086">
      <class name="com.herokuapp.theinternet.LoginTests">
        <test-method signature="negativeLoginTest(java.lang.String,java.lang.String,java.lang.String)[pri:2, instance:com.herokuapp.theinternet.LoginTests@48aca48b]" started-at="2022-04-19T15:25:50 IST" name="negativeLoginTest" finished-at="2022-04-19T15:26:23 IST" duration-ms="33084" status="PASS">
          <params>
            <param index="0">
              <value>
                <![CDATA[tomsmith]]>
              </value>
            </param>
            <param index="1">
              <value>
                <![CDATA[asdfsdf]]>
              </value>
            </param>
            <param index="2">
              <value>
                <![CDATA[Your password is invalid!]]>
              </value>
            </param>
          </params>
          <reporter-output>
          </reporter-output>
        </test-method> <!-- negativeLoginTest -->
      </class> <!-- com.herokuapp.theinternet.LoginTests -->
    </test> <!-- NegativePasswordTests -->
  </suite> <!-- NegativeTests -->
</testng-results>
