<?xml version="1.0" encoding="UTF-8"?>
<!-- Generated by org.testng.reporters.JUnitXMLReporter -->
<testsuite ignored="1" hostname="DESKTOP-1H5FR01" failures="0" tests="1" name="NegativeTests" time="60.275" errors="0" timestamp="2022-04-18T14:59:28 IST">
  <testcase classname="com.herokuapp.theinternet.NegativeTests" name="incorrectUserNameTest" time="60.155"/>
  <testcase classname="com.herokuapp.theinternet.NegativeTests" name="incorrectPasswordTest" time="0.0">
    <ignored/>
  </testcase> <!-- incorrectPasswordTest -->
</testsuite> <!-- NegativeTests -->
