<?xml version="1.0" encoding="UTF-8"?>
<!-- Generated by org.testng.reporters.JUnitXMLReporter -->
<testsuite ignored="1" hostname="DESKTOP-1H5FR01" failures="0" tests="1" name="NegativePasswordTests" time="35.785" errors="0" timestamp="2022-04-19T15:59:10 IST">
  <testcase classname="com.herokuapp.theinternet.LoginTests" name="negativeLoginTest" time="29.497"/>
  <testcase classname="com.herokuapp.theinternet.LoginTests" name="positiveLoginTest" time="0.0">
    <ignored/>
  </testcase> <!-- positiveLoginTest -->
</testsuite> <!-- NegativePasswordTests -->
